Compiling the C compiler identification source file "CMakeCCompilerId.c" failed.
Compiler: /home/jeremy/.espressif/tools/xtensa-esp32-elf/1.22.0-80-g6c4433a-5.2.0/xtensa-esp32-elf/bin/xtensa-esp32-elf-gcc 
Build flags: -mlongcalls
Id flags:  

The output was:
1
/home/jeremy/.espressif/tools/xtensa-esp32-elf/1.22.0-80-g6c4433a-5.2.0/xtensa-esp32-elf/bin/../lib/gcc/xtensa-esp32-elf/5.2.0/../../../../xtensa-esp32-elf/bin/ld: cannot find crt1-sim.o: No such file or directory
/home/jeremy/.espressif/tools/xtensa-esp32-elf/1.22.0-80-g6c4433a-5.2.0/xtensa-esp32-elf/bin/../lib/gcc/xtensa-esp32-elf/5.2.0/../../../../xtensa-esp32-elf/bin/ld: cannot find _vectors.o: No such file or directory
/home/jeremy/.espressif/tools/xtensa-esp32-elf/1.22.0-80-g6c4433a-5.2.0/xtensa-esp32-elf/bin/../lib/gcc/xtensa-esp32-elf/5.2.0/../../../../xtensa-esp32-elf/bin/ld: cannot find -lsim
/home/jeremy/.espressif/tools/xtensa-esp32-elf/1.22.0-80-g6c4433a-5.2.0/xtensa-esp32-elf/bin/../lib/gcc/xtensa-esp32-elf/5.2.0/../../../../xtensa-esp32-elf/bin/ld: cannot find -lhandlers-sim
/home/jeremy/.espressif/tools/xtensa-esp32-elf/1.22.0-80-g6c4433a-5.2.0/xtensa-esp32-elf/bin/../lib/gcc/xtensa-esp32-elf/5.2.0/../../../../xtensa-esp32-elf/bin/ld: cannot find -lhal
collect2: error: ld returned 1 exit status


Compiling the CXX compiler identification source file "CMakeCXXCompilerId.cpp" failed.
Compiler: /home/jeremy/.espressif/tools/xtensa-esp32-elf/1.22.0-80-g6c4433a-5.2.0/xtensa-esp32-elf/bin/xtensa-esp32-elf-g++ 
Build flags: -mlongcalls
Id flags:  

The output was:
1
/home/jeremy/.espressif/tools/xtensa-esp32-elf/1.22.0-80-g6c4433a-5.2.0/xtensa-esp32-elf/bin/../lib/gcc/xtensa-esp32-elf/5.2.0/../../../../xtensa-esp32-elf/bin/ld: cannot find crt1-sim.o: No such file or directory
/home/jeremy/.espressif/tools/xtensa-esp32-elf/1.22.0-80-g6c4433a-5.2.0/xtensa-esp32-elf/bin/../lib/gcc/xtensa-esp32-elf/5.2.0/../../../../xtensa-esp32-elf/bin/ld: cannot find _vectors.o: No such file or directory
/home/jeremy/.espressif/tools/xtensa-esp32-elf/1.22.0-80-g6c4433a-5.2.0/xtensa-esp32-elf/bin/../lib/gcc/xtensa-esp32-elf/5.2.0/../../../../xtensa-esp32-elf/bin/ld: cannot find -lsim
/home/jeremy/.espressif/tools/xtensa-esp32-elf/1.22.0-80-g6c4433a-5.2.0/xtensa-esp32-elf/bin/../lib/gcc/xtensa-esp32-elf/5.2.0/../../../../xtensa-esp32-elf/bin/ld: cannot find -lhandlers-sim
/home/jeremy/.espressif/tools/xtensa-esp32-elf/1.22.0-80-g6c4433a-5.2.0/xtensa-esp32-elf/bin/../lib/gcc/xtensa-esp32-elf/5.2.0/../../../../xtensa-esp32-elf/bin/ld: cannot find -lhal
collect2: error: ld returned 1 exit status


Compiling the C compiler identification source file "CMakeCCompilerId.c" failed.
Compiler: xtensa-esp32-elf-gcc 
Build flags: -mlongcalls
Id flags:  

The output was:
No such file or directory


Compiling the C compiler identification source file "CMakeCCompilerId.c" failed.
Compiler: xtensa-esp32-elf-gcc 
Build flags: -mlongcalls
Id flags: -c 

The output was:
No such file or directory


Compiling the C compiler identification source file "CMakeCCompilerId.c" failed.
Compiler: xtensa-esp32-elf-gcc 
Build flags: -mlongcalls
Id flags: -Aa 

The output was:
No such file or directory


Compiling the C compiler identification source file "CMakeCCompilerId.c" failed.
Compiler: xtensa-esp32-elf-gcc 
Build flags: -mlongcalls
Id flags: -D__CLASSIC_C__ 

The output was:
No such file or directory


Compiling the C compiler identification source file "CMakeCCompilerId.c" failed.
Compiler: xtensa-esp32-elf-gcc 
Build flags: -mlongcalls
Id flags: --target=arm-arm-none-eabi;-mcpu=cortex-m3 

The output was:
No such file or directory


Compiling the C compiler identification source file "CMakeCCompilerId.c" failed.
Compiler: xtensa-esp32-elf-gcc 
Build flags: 
Id flags:  

The output was:
No such file or directory


Compiling the C compiler identification source file "CMakeCCompilerId.c" failed.
Compiler: xtensa-esp32-elf-gcc 
Build flags: 
Id flags: -c 

The output was:
No such file or directory


Compiling the C compiler identification source file "CMakeCCompilerId.c" failed.
Compiler: xtensa-esp32-elf-gcc 
Build flags: 
Id flags: -Aa 

The output was:
No such file or directory


Compiling the C compiler identification source file "CMakeCCompilerId.c" failed.
Compiler: xtensa-esp32-elf-gcc 
Build flags: 
Id flags: -D__CLASSIC_C__ 

The output was:
No such file or directory


Compiling the C compiler identification source file "CMakeCCompilerId.c" failed.
Compiler: xtensa-esp32-elf-gcc 
Build flags: 
Id flags: --target=arm-arm-none-eabi;-mcpu=cortex-m3 

The output was:
No such file or directory


Checking whether the C compiler is IAR using "" did not match "IAR .+ Compiler":
Checking whether the C compiler is IAR using "" did not match "IAR .+ Compiler":
Compiling the C compiler identification source file "CMakeCCompilerId.c" failed.
Compiler: /home/jeremy/.espressif/tools/xtensa-esp32-elf/1.22.0-97-gc752ad5-5.2.0/xtensa-esp32-elf/bin/xtensa-esp32-elf-gcc 
Build flags: -mlongcalls
Id flags:  

The output was:
1
/home/jeremy/.espressif/tools/xtensa-esp32-elf/1.22.0-97-gc752ad5-5.2.0/xtensa-esp32-elf/bin/../lib/gcc/xtensa-esp32-elf/5.2.0/../../../../xtensa-esp32-elf/bin/ld: cannot find crt1-sim.o: No such file or directory
/home/jeremy/.espressif/tools/xtensa-esp32-elf/1.22.0-97-gc752ad5-5.2.0/xtensa-esp32-elf/bin/../lib/gcc/xtensa-esp32-elf/5.2.0/../../../../xtensa-esp32-elf/bin/ld: cannot find _vectors.o: No such file or directory
/home/jeremy/.espressif/tools/xtensa-esp32-elf/1.22.0-97-gc752ad5-5.2.0/xtensa-esp32-elf/bin/../lib/gcc/xtensa-esp32-elf/5.2.0/../../../../xtensa-esp32-elf/bin/ld: cannot find -lsim
/home/jeremy/.espressif/tools/xtensa-esp32-elf/1.22.0-97-gc752ad5-5.2.0/xtensa-esp32-elf/bin/../lib/gcc/xtensa-esp32-elf/5.2.0/../../../../xtensa-esp32-elf/bin/ld: cannot find -lhandlers-sim
/home/jeremy/.espressif/tools/xtensa-esp32-elf/1.22.0-97-gc752ad5-5.2.0/xtensa-esp32-elf/bin/../lib/gcc/xtensa-esp32-elf/5.2.0/../../../../xtensa-esp32-elf/bin/ld: cannot find -lhal
collect2: error: ld returned 1 exit status


Compiling the CXX compiler identification source file "CMakeCXXCompilerId.cpp" failed.
Compiler: /home/jeremy/.espressif/tools/xtensa-esp32-elf/1.22.0-97-gc752ad5-5.2.0/xtensa-esp32-elf/bin/xtensa-esp32-elf-g++ 
Build flags: -mlongcalls
Id flags:  

The output was:
1
/home/jeremy/.espressif/tools/xtensa-esp32-elf/1.22.0-97-gc752ad5-5.2.0/xtensa-esp32-elf/bin/../lib/gcc/xtensa-esp32-elf/5.2.0/../../../../xtensa-esp32-elf/bin/ld: cannot find crt1-sim.o: No such file or directory
/home/jeremy/.espressif/tools/xtensa-esp32-elf/1.22.0-97-gc752ad5-5.2.0/xtensa-esp32-elf/bin/../lib/gcc/xtensa-esp32-elf/5.2.0/../../../../xtensa-esp32-elf/bin/ld: cannot find _vectors.o: No such file or directory
/home/jeremy/.espressif/tools/xtensa-esp32-elf/1.22.0-97-gc752ad5-5.2.0/xtensa-esp32-elf/bin/../lib/gcc/xtensa-esp32-elf/5.2.0/../../../../xtensa-esp32-elf/bin/ld: cannot find -lsim
/home/jeremy/.espressif/tools/xtensa-esp32-elf/1.22.0-97-gc752ad5-5.2.0/xtensa-esp32-elf/bin/../lib/gcc/xtensa-esp32-elf/5.2.0/../../../../xtensa-esp32-elf/bin/ld: cannot find -lhandlers-sim
/home/jeremy/.espressif/tools/xtensa-esp32-elf/1.22.0-97-gc752ad5-5.2.0/xtensa-esp32-elf/bin/../lib/gcc/xtensa-esp32-elf/5.2.0/../../../../xtensa-esp32-elf/bin/ld: cannot find -lhal
collect2: error: ld returned 1 exit status


